Tue Jun 23 20:40:56 CST 2015  [debug] AvalonLogSystem initialized using logfile 'E:\øÏ≈Ã\myeclispe_temp\.metadata\.plugins\com.genuitec.eclipse.templates\velocity.log'
Tue Jun 23 20:40:56 CST 2015   [info] ************************************************************** 
Tue Jun 23 20:40:56 CST 2015   [info] Starting Jakarta Velocity v1.4
Tue Jun 23 20:40:56 CST 2015   [info] RuntimeInstance initializing.
Tue Jun 23 20:40:56 CST 2015   [info] Default Properties File: org\apache\velocity\runtime\defaults\velocity.properties
Tue Jun 23 20:40:56 CST 2015   [info] Trying to use logger class org.apache.velocity.runtime.log.AvalonLogSystem
Tue Jun 23 20:40:56 CST 2015   [info] Using logger class org.apache.velocity.runtime.log.AvalonLogSystem
Tue Jun 23 20:40:56 CST 2015   [info] Default ResourceManager initializing. (class org.apache.velocity.runtime.resource.ResourceManagerImpl)
Tue Jun 23 20:40:56 CST 2015   [info] Resource Loader Instantiated: com.genuitec.eclipse.templates.internal.PluginResourceLoader
Tue Jun 23 20:40:56 CST 2015   [info] ResourceCache : initialized. (class org.apache.velocity.runtime.resource.ResourceCacheImpl)
Tue Jun 23 20:40:56 CST 2015   [info] Default ResourceManager initialization complete.
Tue Jun 23 20:40:56 CST 2015   [info] Loaded System Directive: org.apache.velocity.runtime.directive.Literal
Tue Jun 23 20:40:56 CST 2015   [info] Loaded System Directive: org.apache.velocity.runtime.directive.Macro
Tue Jun 23 20:40:56 CST 2015   [info] Loaded System Directive: org.apache.velocity.runtime.directive.Parse
Tue Jun 23 20:40:56 CST 2015   [info] Loaded System Directive: org.apache.velocity.runtime.directive.Include
Tue Jun 23 20:40:56 CST 2015   [info] Loaded System Directive: org.apache.velocity.runtime.directive.Foreach
Tue Jun 23 20:40:56 CST 2015   [info] Created: 20 parsers.
Tue Jun 23 20:40:56 CST 2015   [info] Velocimacro : initialization starting.
Tue Jun 23 20:40:56 CST 2015   [info] Velocimacro : adding VMs from VM library template : VM_global_library.vm
Tue Jun 23 20:40:56 CST 2015   [info] ResourceManager : found VM_global_library.vm with loader com.genuitec.eclipse.templates.internal.PluginResourceLoader
Tue Jun 23 20:40:56 CST 2015   [info] Velocimacro :  VM library template macro registration complete.
Tue Jun 23 20:40:56 CST 2015   [info] Velocimacro : allowInline = true : VMs can be defined inline in templates
Tue Jun 23 20:40:56 CST 2015   [info] Velocimacro : allowInlineToOverride = true : VMs defined inline may replace previous VM definitions
Tue Jun 23 20:40:56 CST 2015   [info] Velocimacro : allowInlineLocal = true : VMs defined inline will be local to their defining template only.
Tue Jun 23 20:40:56 CST 2015   [info] Velocimacro : messages on  : VM system will output logging messages
Tue Jun 23 20:40:56 CST 2015   [info] Velocimacro : autoload off  : VM system will not automatically reload global library macros
Tue Jun 23 20:40:56 CST 2015   [info] Velocimacro : initialization complete.
Tue Jun 23 20:40:56 CST 2015   [info] Velocity successfully started.
Tue Jun 23 20:40:56 CST 2015   [info] ResourceManager : found templates/jsp/Jsp.vtl with loader com.genuitec.eclipse.templates.internal.PluginResourceLoader
Tue Jun 23 20:40:56 CST 2015   [info] ResourceManager : found templates/jsp/JSPMetaTags.vtl with loader com.genuitec.eclipse.templates.internal.PluginResourceLoader
